Determining if the pthread_create exist failed with the following output:
<<<<<<< HEAD
Change Dir: /home/judith/Dokumente/Uni/final_raytracer/build/CMakeFiles/CMakeTmp

Run Build Command:"/usr/bin/make" "cmTC_c5434/fast"
/usr/bin/make -f CMakeFiles/cmTC_c5434.dir/build.make CMakeFiles/cmTC_c5434.dir/build
make[1]: Entering directory '/home/judith/Dokumente/Uni/final_raytracer/build/CMakeFiles/CMakeTmp'
Building C object CMakeFiles/cmTC_c5434.dir/CheckSymbolExists.c.o
/usr/bin/cc    -o CMakeFiles/cmTC_c5434.dir/CheckSymbolExists.c.o   -c /home/judith/Dokumente/Uni/final_raytracer/build/CMakeFiles/CMakeTmp/CheckSymbolExists.c
Linking C executable cmTC_c5434
/usr/bin/cmake -E cmake_link_script CMakeFiles/cmTC_c5434.dir/link.txt --verbose=1
/usr/bin/cc      -rdynamic CMakeFiles/cmTC_c5434.dir/CheckSymbolExists.c.o  -o cmTC_c5434 
CMakeFiles/cmTC_c5434.dir/CheckSymbolExists.c.o: In function `main':
CheckSymbolExists.c:(.text+0x1b): undefined reference to `pthread_create'
collect2: error: ld returned 1 exit status
CMakeFiles/cmTC_c5434.dir/build.make:97: recipe for target 'cmTC_c5434' failed
make[1]: *** [cmTC_c5434] Error 1
make[1]: Leaving directory '/home/judith/Dokumente/Uni/final_raytracer/build/CMakeFiles/CMakeTmp'
Makefile:126: recipe for target 'cmTC_c5434/fast' failed
make: *** [cmTC_c5434/fast] Error 2

File /home/judith/Dokumente/Uni/final_raytracer/build/CMakeFiles/CMakeTmp/CheckSymbolExists.c:
=======
Change Dir: /home/IN/wobi3451/final_raytracer/build/CMakeFiles/CMakeTmp

Run Build Command:"/usr/bin/make" "cmTC_546e6/fast"
/usr/bin/make -f CMakeFiles/cmTC_546e6.dir/build.make CMakeFiles/cmTC_546e6.dir/build
make[1]: Entering directory '/home/IN/wobi3451/final_raytracer/build/CMakeFiles/CMakeTmp'
Building C object CMakeFiles/cmTC_546e6.dir/CheckSymbolExists.c.o
/usr/bin/cc    -o CMakeFiles/cmTC_546e6.dir/CheckSymbolExists.c.o   -c /home/IN/wobi3451/final_raytracer/build/CMakeFiles/CMakeTmp/CheckSymbolExists.c
Linking C executable cmTC_546e6
/usr/bin/cmake -E cmake_link_script CMakeFiles/cmTC_546e6.dir/link.txt --verbose=1
/usr/bin/cc      -rdynamic CMakeFiles/cmTC_546e6.dir/CheckSymbolExists.c.o  -o cmTC_546e6 
CMakeFiles/cmTC_546e6.dir/CheckSymbolExists.c.o: In function `main':
CheckSymbolExists.c:(.text+0x1b): undefined reference to `pthread_create'
collect2: error: ld returned 1 exit status
make[1]: *** [CMakeFiles/cmTC_546e6.dir/build.make:98: cmTC_546e6] Error 1
make[1]: Leaving directory '/home/IN/wobi3451/final_raytracer/build/CMakeFiles/CMakeTmp'
make: *** [Makefile:126: cmTC_546e6/fast] Error 2

File /home/IN/wobi3451/final_raytracer/build/CMakeFiles/CMakeTmp/CheckSymbolExists.c:
>>>>>>> 231d9bd80c53bd4cbcb1ca8f0b9213841d96bd5b
/* */
#include <pthread.h>

int main(int argc, char** argv)
{
  (void)argv;
#ifndef pthread_create
  return ((int*)(&pthread_create))[argc];
#else
  (void)argc;
  return 0;
#endif
}

<<<<<<< HEAD
Determining if the function pthread_create exists in the pthreads failed with the following output:
Change Dir: /home/judith/Dokumente/Uni/final_raytracer/build/CMakeFiles/CMakeTmp

Run Build Command:"/usr/bin/make" "cmTC_42658/fast"
/usr/bin/make -f CMakeFiles/cmTC_42658.dir/build.make CMakeFiles/cmTC_42658.dir/build
make[1]: Entering directory '/home/judith/Dokumente/Uni/final_raytracer/build/CMakeFiles/CMakeTmp'
Building C object CMakeFiles/cmTC_42658.dir/CheckFunctionExists.c.o
/usr/bin/cc   -DCHECK_FUNCTION_EXISTS=pthread_create   -o CMakeFiles/cmTC_42658.dir/CheckFunctionExists.c.o   -c /usr/share/cmake-3.10/Modules/CheckFunctionExists.c
Linking C executable cmTC_42658
/usr/bin/cmake -E cmake_link_script CMakeFiles/cmTC_42658.dir/link.txt --verbose=1
/usr/bin/cc  -DCHECK_FUNCTION_EXISTS=pthread_create    -rdynamic CMakeFiles/cmTC_42658.dir/CheckFunctionExists.c.o  -o cmTC_42658 -lpthreads 
/usr/bin/x86_64-linux-gnu-ld: cannot find -lpthreads
collect2: error: ld returned 1 exit status
CMakeFiles/cmTC_42658.dir/build.make:97: recipe for target 'cmTC_42658' failed
make[1]: *** [cmTC_42658] Error 1
make[1]: Leaving directory '/home/judith/Dokumente/Uni/final_raytracer/build/CMakeFiles/CMakeTmp'
Makefile:126: recipe for target 'cmTC_42658/fast' failed
make: *** [cmTC_42658/fast] Error 2


=======
>>>>>>> 231d9bd80c53bd4cbcb1ca8f0b9213841d96bd5b
